d:\documents\litexdr\kmdf xdr driver\x64\debug\vc143.pdb
d:\documents\litexdr\kmdf xdr driver\x64\debug\driver.obj
d:\documents\litexdr\kmdf xdr driver\x64\debug\kmdf xdr driver\kmdfxdrdriver.cat
d:\documents\litexdr\kmdf xdr driver\x64\debug\kmdfxdrdriver.sys
d:\documents\litexdr\kmdf xdr driver\x64\debug\kmdfxdrdriver.pdb
d:\documents\litexdr\kmdf xdr driver\x64\debug\kmdfxdrdriver.inf
d:\documents\litexdr\kmdf xdr driver\x64\debug\kmdfxdrdriver.cer
d:\documents\litexdr\kmdf xdr driver\x64\debug\kmdf xdr driver.tlog\cl.command.1.tlog
d:\documents\litexdr\kmdf xdr driver\x64\debug\kmdf xdr driver.tlog\cl.read.1.tlog
d:\documents\litexdr\kmdf xdr driver\x64\debug\kmdf xdr driver.tlog\cl.write.1.tlog
d:\documents\litexdr\kmdf xdr driver\x64\debug\kmdf xdr driver.tlog\inf2cat-expand.17784.read.1.tlog
d:\documents\litexdr\kmdf xdr driver\x64\debug\kmdf xdr driver.tlog\inf2cat-expand.17784.write.1.tlog
d:\documents\litexdr\kmdf xdr driver\x64\debug\kmdf xdr driver.tlog\inf2cat-expand.23268.read.1.tlog
d:\documents\litexdr\kmdf xdr driver\x64\debug\kmdf xdr driver.tlog\inf2cat-expand.23268.write.1.tlog
d:\documents\litexdr\kmdf xdr driver\x64\debug\kmdf xdr driver.tlog\inf2cat-expand.27588.read.1.tlog
d:\documents\litexdr\kmdf xdr driver\x64\debug\kmdf xdr driver.tlog\inf2cat-expand.27588.write.1.tlog
d:\documents\litexdr\kmdf xdr driver\x64\debug\kmdf xdr driver.tlog\inf2cat-expand.read.1.tlog
d:\documents\litexdr\kmdf xdr driver\x64\debug\kmdf xdr driver.tlog\inf2cat-expand.write.1.tlog
d:\documents\litexdr\kmdf xdr driver\x64\debug\kmdf xdr driver.tlog\inf2cat.command.1.tlog
d:\documents\litexdr\kmdf xdr driver\x64\debug\kmdf xdr driver.tlog\inf2cat.read.1.tlog
d:\documents\litexdr\kmdf xdr driver\x64\debug\kmdf xdr driver.tlog\inf2cat.write.1.tlog
d:\documents\litexdr\kmdf xdr driver\x64\debug\kmdf xdr driver.tlog\link.command.1.tlog
d:\documents\litexdr\kmdf xdr driver\x64\debug\kmdf xdr driver.tlog\link.read.1.tlog
d:\documents\litexdr\kmdf xdr driver\x64\debug\kmdf xdr driver.tlog\link.write.1.tlog
d:\documents\litexdr\kmdf xdr driver\x64\debug\kmdf xdr driver.tlog\signtool.command.1.tlog
d:\documents\litexdr\kmdf xdr driver\x64\debug\kmdf xdr driver.tlog\signtool.read.1.tlog
d:\documents\litexdr\kmdf xdr driver\x64\debug\kmdf xdr driver.tlog\signtool.timestamp.1.tlog
d:\documents\litexdr\kmdf xdr driver\x64\debug\kmdf xdr driver.tlog\signtool.write.1.tlog
d:\documents\litexdr\kmdf xdr driver\x64\debug\kmdf xdr driver.tlog\stampinf.command.1.tlog
d:\documents\litexdr\kmdf xdr driver\x64\debug\kmdf xdr driver.tlog\stampinf.read.1.tlog
d:\documents\litexdr\kmdf xdr driver\x64\debug\kmdf xdr driver.tlog\stampinf.write.1.tlog
